=========================================================
    AUTO UPDATE DASHBOARD - THEO DÕI THƯ MỤC G: DRIVE
=========================================================
Thư mục theo dõi : G:\My Drive\ANTIGRAVITY\GIAO_VAN\Rổ\Data_Source\Master
File HTML đích    : d:\LONG\LEARNING\ANTIGRAVITY\dashboard-ro\index.html
Git repo          : d:\LONG\LEARNING\ANTIGRAVITY\dashboard-ro
---------------------------------------------------------
[09:37:57] File hiện tại: store_coordinates.json
[09:37:57] Đang theo dõi... (Ctrl+C để dừng)
=========================================================
    AUTO UPDATE DASHBOARD - THEO DÕI THƯ MỤC G: DRIVE
=========================================================
Thư mục theo dõi : G:\My Drive\ANTIGRAVITY\GIAO_VAN\Rổ\Data_Source\Master
File HTML đích    : d:\LONG\LEARNING\ANTIGRAVITY\dashboard-ro\index.html
Git repo          : d:\LONG\LEARNING\ANTIGRAVITY\dashboard-ro
---------------------------------------------------------
[13:23:49] File hiện tại: store_coordinates.json
[13:23:49] Đang theo dõi... (Ctrl+C để dừng)
=========================================================
    AUTO UPDATE DASHBOARD - THEO DÕI THƯ MỤC G: DRIVE
=========================================================
Thư mục theo dõi : G:\My Drive\ANTIGRAVITY\GIAO_VAN\Rổ\Data_Source\Master
File HTML đích    : d:\LONG\LEARNING\ANTIGRAVITY\dashboard-ro\index.html
Git repo          : d:\LONG\LEARNING\ANTIGRAVITY\dashboard-ro
---------------------------------------------------------
[20:25:35] File hiện tại: store_coordinates.json
[20:25:35] Đang theo dõi... (Ctrl+C để dừng)
=========================================================
    AUTO UPDATE DASHBOARD - THEO DÕI THƯ MỤC G: DRIVE
=========================================================
Thư mục theo dõi : G:\My Drive\ANTIGRAVITY\GIAO_VAN\Rổ\Data_Source\Master
File HTML đích    : d:\LONG\LEARNING\ANTIGRAVITY\dashboard-ro\index.html
Git repo          : d:\LONG\LEARNING\ANTIGRAVITY\dashboard-ro
---------------------------------------------------------
[09:55:25] File hiện tại: store_coordinates.json
[09:55:25] Đang theo dõi... (Ctrl+C để dừng)
=========================================================
    AUTO UPDATE DASHBOARD - THEO DÕI THƯ MỤC G: DRIVE
=========================================================
Thư mục theo dõi : G:\My Drive\ANTIGRAVITY\GIAO_VAN\Rổ\Data_Source\Master
File HTML đích    : d:\LONG\LEARNING\ANTIGRAVITY\dashboard-ro\index.html
Git repo          : d:\LONG\LEARNING\ANTIGRAVITY\dashboard-ro
---------------------------------------------------------
[11:22:35] File hiện tại: store_coordinates.json
[11:22:35] Đang xử lý: store_coordinates.json
  → Dữ liệu không đổi so với hiện tại. Bỏ qua.
[11:22:35] Đang theo dõi... (Ctrl+C để dừng)
=========================================================
    AUTO UPDATE DASHBOARD - THEO DÕI THƯ MỤC G: DRIVE
=========================================================
Thư mục theo dõi : G:\My Drive\ANTIGRAVITY\GIAO_VAN\Rổ\Data_Source\Master
File HTML đích    : d:\LONG\LEARNING\ANTIGRAVITY\dashboard-ro\index.html
Git repo          : d:\LONG\LEARNING\ANTIGRAVITY\dashboard-ro
---------------------------------------------------------
[10:14:27] File hiện tại: store_coordinates.json
[10:14:27] Đang xử lý: store_coordinates.json
  → Dữ liệu không đổi so với hiện tại. Bỏ qua.
[10:14:27] Đang theo dõi... (Ctrl+C để dừng)
